[debug] [2024-01-01T16:23:41.324Z] ----------------------------------------------------------------------
[debug] [2024-01-01T16:23:41.327Z] Command:       C:\node32\node.exe C:\node32\node_modules\firebase-tools\lib\bin\firebase.js init hosting
[debug] [2024-01-01T16:23:41.328Z] CLI Version:   13.0.2
[debug] [2024-01-01T16:23:41.329Z] Platform:      win32
[debug] [2024-01-01T16:23:41.329Z] Node Version:  v18.19.0
[debug] [2024-01-01T16:23:41.330Z] Time:          Mon Jan 01 2024 21:23:41 GMT+0500 (Pakistan Standard Time)
[debug] [2024-01-01T16:23:41.330Z] ----------------------------------------------------------------------
[debug] 
[debug] [2024-01-01T16:23:41.341Z] > command requires scopes: ["email","openid","https://www.googleapis.com/auth/cloudplatformprojects.readonly","https://www.googleapis.com/auth/firebase","https://www.googleapis.com/auth/cloud-platform"]
[debug] [2024-01-01T16:23:41.342Z] > authorizing via signed-in user (zakiyounus789@gmail.com)
[info] 
     ######## #### ########  ######## ########     ###     ######  ########
     ##        ##  ##     ## ##       ##     ##  ##   ##  ##       ##
     ######    ##  ########  ######   ########  #########  ######  ######
     ##        ##  ##    ##  ##       ##     ## ##     ##       ## ##
     ##       #### ##     ## ######## ########  ##     ##  ######  ########

You're about to initialize a Firebase project in this directory:

  D:\salani web development course\Personal Blogging App

[info] 
=== Project Setup
[info] 
[info] First, let's associate this project directory with a Firebase project.
[info] You can create multiple project aliases by running firebase use --add, 
[info] but for now we'll just set up a default project.
[info] 
[debug] [2024-01-01T16:23:51.433Z] >>> [apiv2][query] GET https://firebase.googleapis.com/v1beta1/projects pageSize=100
[debug] [2024-01-01T16:23:52.214Z] <<< [apiv2][status] GET https://firebase.googleapis.com/v1beta1/projects 200
[debug] [2024-01-01T16:23:52.215Z] <<< [apiv2][body] GET https://firebase.googleapis.com/v1beta1/projects [omitted]
[info] i  Using project personal-blogging-app-3ebe0 (Personal-Blogging-App) 
[info] 
=== Hosting Setup
[debug] [2024-01-01T16:23:56.726Z] >>> [apiv2][query] GET https://firebase.googleapis.com/v1beta1/projects/personal-blogging-app-3ebe0 [none]
[debug] [2024-01-01T16:23:57.271Z] <<< [apiv2][status] GET https://firebase.googleapis.com/v1beta1/projects/personal-blogging-app-3ebe0 200
[debug] [2024-01-01T16:23:57.272Z] <<< [apiv2][body] GET https://firebase.googleapis.com/v1beta1/projects/personal-blogging-app-3ebe0 {"projectId":"personal-blogging-app-3ebe0","projectNumber":"619071361977","displayName":"Personal-Blogging-App","name":"projects/personal-blogging-app-3ebe0","resources":{"hostingSite":"personal-blogging-app-3ebe0","storageBucket":"personal-blogging-app-3ebe0.appspot.com","locationId":"us-central"},"state":"ACTIVE","etag":"1_66db9779-c976-4b86-a66b-deea112b0524"}
[info] 
[info] Your public directory is the folder (relative to your project directory) that
[info] will contain Hosting assets to be uploaded with firebase deploy. If you
[info] have a build process for your assets, use your build's output directory.
[info] 
[info] +  Wrote public/404.html 
[debug] [2024-01-01T16:26:26.321Z] >>> [apiv2][query] GET https://www.gstatic.com/firebasejs/releases.json [none]
[debug] [2024-01-01T16:26:26.512Z] <<< [apiv2][status] GET https://www.gstatic.com/firebasejs/releases.json 200
[debug] [2024-01-01T16:26:26.512Z] <<< [apiv2][body] GET https://www.gstatic.com/firebasejs/releases.json {"current":{"version":"10.7.1","browserURL":"https://www.gstatic.com/firebasejs/10.7.1/firebase.js","packageURL":"https://www.gstatic.com/firebasejs/10.7.1/firebase.tgz"},"live":{"version":"10.7","browserURL":"https://www.gstatic.com/firebasejs/live/10.7/firebase.js","packageURL":"https://www.gstatic.com/firebasejs/live/10.7/firebase.tgz"},"components":{"analytics":"https://www.gstatic.com/firebasejs/10.7.1/firebase-analytics.js","app":"https://www.gstatic.com/firebasejs/10.7.1/firebase-app.js","app-check":"https://www.gstatic.com/firebasejs/10.7.1/firebase-app-check.js","auth":"https://www.gstatic.com/firebasejs/10.7.1/firebase-auth.js","auth/cordova":"https://www.gstatic.com/firebasejs/10.7.1/firebase-auth/cordova.js","functions":"https://www.gstatic.com/firebasejs/10.7.1/firebase-functions.js","firestore":"https://www.gstatic.com/firebasejs/10.7.1/firebase-firestore.js","firestore/lite":"https://www.gstatic.com/firebasejs/10.7.1/firebase-firestore/lite.js","installations":"https://www.gstatic.com/firebasejs/10.7.1/firebase-installations.js","storage":"https://www.gstatic.com/firebasejs/10.7.1/firebase-storage.js","performance":"https://www.gstatic.com/firebasejs/10.7.1/firebase-performance.js","remote-config":"https://www.gstatic.com/firebasejs/10.7.1/firebase-remote-config.js","messaging":"https://www.gstatic.com/firebasejs/10.7.1/firebase-messaging.js","messaging/sw":"https://www.gstatic.com/firebasejs/10.7.1/firebase-messaging/sw.js","database":"https://www.gstatic.com/firebasejs/10.7.1/firebase-database.js","firestore.memory":"https://www.gstatic.com/firebasejs/10.7.1/firebase-firestore.memory.js"}}
[info] i  Skipping write of public/index.html 
[info] 
[info] i  Writing configuration info to firebase.json... 
[info] i  Writing project information to .firebaserc... 
[info] i  Writing gitignore file to .gitignore... 
[info] 
[info] +  Firebase initialization complete! 
